e:\implantdesign\implantdesign\x64\release\qrc_implantdesign.obj
e:\implantdesign\implantdesign\x64\release\implantdesign.pch
e:\implantdesign\implantdesign\x64\release\stdafx.obj
e:\implantdesign\implantdesign\x64\release\main.obj
e:\implantdesign\implantdesign\x64\release\qcustomvtkwidget.obj
e:\implantdesign\implantdesign\x64\release\implantdesign.obj
e:\implantdesign\implantdesign\x64\release\moc_qcustomvtkwidget.obj
e:\implantdesign\implantdesign\x64\release\moc_implantdesign.obj
e:\implantdesign\implantdesign\generatedfiles\qrc_implantdesign.cpp
e:\implantdesign\implantdesign\generatedfiles\release\moc_qcustomvtkwidget.cpp
e:\implantdesign\implantdesign\generatedfiles\release\moc_implantdesign.cpp
e:\implantdesign\implantdesign\generatedfiles\ui_implantdesign.h
e:\implantdesign\x64\release\implantdesign.exe
e:\implantdesign\implantdesign\x64\release\implantdesign.res
e:\implantdesign\implantdesign\x64\release\implantdesign.tlog\cl.command.1.tlog
e:\implantdesign\implantdesign\x64\release\implantdesign.tlog\cl.read.1.tlog
e:\implantdesign\implantdesign\x64\release\implantdesign.tlog\cl.write.1.tlog
e:\implantdesign\implantdesign\x64\release\implantdesign.tlog\custombuild.command.1.tlog
e:\implantdesign\implantdesign\x64\release\implantdesign.tlog\custombuild.read.1.tlog
e:\implantdesign\implantdesign\x64\release\implantdesign.tlog\custombuild.write.1.tlog
e:\implantdesign\implantdesign\x64\release\implantdesign.tlog\link.command.1.tlog
e:\implantdesign\implantdesign\x64\release\implantdesign.tlog\link.read.1.tlog
e:\implantdesign\implantdesign\x64\release\implantdesign.tlog\link.write.1.tlog
e:\implantdesign\implantdesign\x64\release\implantdesign.tlog\rc.command.1.tlog
e:\implantdesign\implantdesign\x64\release\implantdesign.tlog\rc.read.1.tlog
e:\implantdesign\implantdesign\x64\release\implantdesign.tlog\rc.write.1.tlog
