生成启动时间为 2016/10/12 22:37:50。
     1>项目“E:\ImplantDesign\ImplantDesign\ImplantDesign.vcxproj”在节点 2 上(Build 个目标)。
     1>ClCompile:
         C:\Program Files (x86)\Microsoft Visual Studio 12.0\VC\bin\x86_amd64\CL.exe /c /I.\GeneratedFiles /I. /IC:\Qt\Qt5.6.0\5.6\msvc2013_64\include /I.\GeneratedFiles\Release /IC:\Qt\Qt5.6.0\5.6\msvc2013_64\include\QtCore /IC:\Qt\Qt5.6.0\5.6\msvc2013_64\include\QtGui /IC:\Qt\Qt5.6.0\5.6\msvc2013_64\include\QtWidgets /I"D:\VTK\VTK_Instal\VTK710_Qt560_VS2013\include\vtk-7.0" /nologo /W1 /WX- /O2 /D UNICODE /D WIN32 /D WIN64 /D QT_DLL /D QT_NO_DEBUG /D NDEBUG /D QT_CORE_LIB /D QT_GUI_LIB /D QT_WIDGETS_LIB /Gm- /EHsc /MD /GS /fp:precise /Zc:wchar_t /Zc:forScope /Yu"stdafx.h" /Fp"x64\Release\ImplantDesign.pch" /Fo"x64\Release\\" /Fd"x64\Release\vc120.pdb" /Gd /TP /errorReport:prompt ImplantDesign.cpp
         ImplantDesign.cpp
       Link:
         C:\Program Files (x86)\Microsoft Visual Studio 12.0\VC\bin\x86_amd64\link.exe /ERRORREPORT:PROMPT /OUT:"E:\ImplantDesign\x64\Release\\ImplantDesign.exe" /NOLOGO /LIBPATH:C:\Qt\Qt5.6.0\5.6\msvc2013_64\lib /LIBPATH:D:\VTK\VTK_Instal\VTK710_Qt560_VS2013\lib qtmain.lib Qt5Core.lib Qt5Gui.lib Qt5Widgets.lib "vtkproj4-7.0.lib" "vtkRenderingAnnotation-7.0.lib" "vtkRenderingContext2D-7.0.lib" "vtkRenderingContextOpenGL2-7.0.lib" "vtkRenderingCore-7.0.lib" "vtkRenderingFreeType-7.0.lib" "vtkRenderingImage-7.0.lib" "vtkRenderingLabel-7.0.lib" "vtkRenderingLOD-7.0.lib" "vtkRenderingOpenGL2-7.0.lib" "vtkRenderingVolume-7.0.lib" "vtkRenderingVolumeOpenGL2-7.0.lib" "vtksqlite-7.0.lib" "vtksys-7.0.lib" "vtktiff-7.0.lib" "vtkverdict-7.0.lib" "vtkViewsContext2D-7.0.lib" "vtkViewsCore-7.0.lib" "vtkViewsInfovis-7.0.lib" "vtkzlib-7.0.lib" "vtkalglib-7.0.lib" "vtkChartsCore-7.0.lib" "vtkCommonColor-7.0.lib" "vtkCommonComputationalGeometry-7.0.lib" "vtkCommonCore-7.0.lib" "vtkCommonDataModel-7.0.lib" "vtkCommonExecutionModel-7.0.lib" "vtkCommonMath-7.0.lib" "vtkCommonMisc-7.0.lib" "vtkCommonSystem-7.0.lib" "vtkCommonTransforms-7.0.lib" "vtkDICOMParser-7.0.lib" "vtkDomainsChemistry-7.0.lib" "vtkDomainsChemistryOpenGL2-7.0.lib" "vtkexoIIc-7.0.lib" "vtkexpat-7.0.lib" "vtkFiltersAMR-7.0.lib" "vtkFiltersCore-7.0.lib" "vtkFiltersExtraction-7.0.lib" "vtkFiltersFlowPaths-7.0.lib" "vtkFiltersGeneral-7.0.lib" "vtkFiltersGeneric-7.0.lib" "vtkFiltersGeometry-7.0.lib" "vtkFiltersHybrid-7.0.lib" "vtkFiltersHyperTree-7.0.lib" "vtkFiltersImaging-7.0.lib" "vtkFiltersModeling-7.0.lib" "vtkFiltersParallel-7.0.lib" "vtkFiltersParallelImaging-7.0.lib" "vtkFiltersProgrammable-7.0.lib" "vtkFiltersSelection-7.0.lib" "vtkFiltersSMP-7.0.lib" "vtkFiltersSources-7.0.lib" "vtkFiltersStatistics-7.0.lib" "vtkFiltersTexture-7.0.lib" "vtkFiltersVerdict-7.0.lib" "vtkfreetype-7.0.lib" "vtkGeovisCore-7.0.lib" "vtkglew-7.0.lib" "vtkGUISupportQt-7.0.lib" "vtkGUISupportQtOpenGL-7.0.lib" "vtkhdf5_hl-7.0.lib" "vtkhdf5-7.0.lib" "vtkImagingColor-7.0.lib" "vtkImagingCore-7.0.lib" "vtkImagingFourier-7.0.lib" "vtkImagingGeneral-7.0.lib" "vtkImagingHybrid-7.0.lib" "vtkImagingMath-7.0.lib" "vtkImagingMorphological-7.0.lib" "vtkImagingSources-7.0.lib" "vtkImagingStatistics-7.0.lib" "vtkImagingStencil-7.0.lib" "vtkInfovisCore-7.0.lib" "vtkInfovisLayout-7.0.lib" "vtkInteractionImage-7.0.lib" "vtkInteractionStyle-7.0.lib" "vtkInteractionWidgets-7.0.lib" "vtkIOAMR-7.0.lib" "vtkIOCore-7.0.lib" "vtkIOEnSight-7.0.lib" "vtkIOExodus-7.0.lib" "vtkIOExport-7.0.lib" "vtkIOGeometry-7.0.lib" "vtkIOImage-7.0.lib" "vtkIOImport-7.0.lib" "vtkIOInfovis-7.0.lib" "vtkIOLegacy-7.0.lib" "vtkIOLSDyna-7.0.lib" "vtkIOMINC-7.0.lib" "vtkIOMovie-7.0.lib" "vtkIONetCDF-7.0.lib" "vtkIOParallel-7.0.lib" "vtkIOParallelXML-7.0.lib" "vtkIOPLY-7.0.lib" "vtkIOSQL-7.0.lib" "vtkIOVideo-7.0.lib" "vtkIOXML-7.0.lib" "vtkIOXMLParser-7.0.lib" "vtkjpeg-7.0.lib" "vtkjsoncpp-7.0.lib" "vtklibxml2-7.0.lib" "vtkmetaio-7.0.lib" "vtkNetCDF_cxx-7.0.lib" "vtkNetCDF-7.0.lib" "vtkoggtheora-7.0.lib" "vtkParallelCore-7.0.lib" "vtkpng-7.0.lib" kernel32.lib user32.lib gdi32.lib winspool.lib comdlg32.lib advapi32.lib shell32.lib ole32.lib oleaut32.lib uuid.lib odbc32.lib odbccp32.lib /MANIFEST /MANIFESTUAC:"level='asInvoker' uiAccess='false'" /manifest:embed /PDB:"E:\ImplantDesign\x64\Release\ImplantDesign.pdb" /SUBSYSTEM:WINDOWS /TLBID:1 /DYNAMICBASE /NXCOMPAT /IMPLIB:"E:\ImplantDesign\x64\Release\ImplantDesign.lib" /MACHINE:X64 x64\Release\ImplantDesign.res
         x64\Release\qrc_ImplantDesign.obj
         x64\Release\moc_ImplantDesign.obj
         x64\Release\moc_ModelControlWidgetItem.obj
         x64\Release\moc_QCustomVTKWidget.obj
         x64\Release\ImplantDesign.obj
         x64\Release\main.obj
         x64\Release\ModelControlWidgetItem.obj
         x64\Release\QCustomVTKWidget.obj
         x64\Release\stdafx.obj
         ImplantDesign.vcxproj -> E:\ImplantDesign\x64\Release\ImplantDesign.exe
     1>已完成生成项目“E:\ImplantDesign\ImplantDesign\ImplantDesign.vcxproj”(Build 个目标)的操作。

生成成功。

已用时间 00:00:00.60
